[0.430s] Invoking command in '/home/tactilemanipulationlab/lerobot/teleop_ws/src/leader_arm_viz/build/leader_arm_viz': PYTHONPATH=/home/tactilemanipulationlab/lerobot/teleop_ws/src/leader_arm_viz/build/leader_arm_viz/prefix_override:/usr/lib/python3/dist-packages/colcon_core/task/python/colcon_distutils_commands:/home/tactilemanipulationlab/lerobot/teleop_ws/src/leader_arm_viz/install/leader_arm_viz/lib/python3.10/site-packages:${PYTHONPATH} /usr/bin/python3 -W ignore:setup.py install is deprecated -W ignore:easy_install command is deprecated setup.py develop --editable --build-directory /home/tactilemanipulationlab/lerobot/teleop_ws/src/leader_arm_viz/build/leader_arm_viz/build --no-deps symlink_data
[0.618s] running develop
[0.745s] running egg_info
[0.759s] creating leader_arm_viz.egg-info
[0.759s] writing leader_arm_viz.egg-info/PKG-INFO
[0.759s] writing dependency_links to leader_arm_viz.egg-info/dependency_links.txt
[0.759s] writing entry points to leader_arm_viz.egg-info/entry_points.txt
[0.759s] writing requirements to leader_arm_viz.egg-info/requires.txt
[0.759s] writing top-level names to leader_arm_viz.egg-info/top_level.txt
[0.759s] writing manifest file 'leader_arm_viz.egg-info/SOURCES.txt'
[0.781s] reading manifest file 'leader_arm_viz.egg-info/SOURCES.txt'
[0.781s] writing manifest file 'leader_arm_viz.egg-info/SOURCES.txt'
[0.813s] running build_ext
[0.813s] Creating /home/tactilemanipulationlab/lerobot/teleop_ws/src/leader_arm_viz/install/leader_arm_viz/lib/python3.10/site-packages/leader-arm-viz.egg-link (link to .)
[0.813s] Installing end_effector_publisher script to /home/tactilemanipulationlab/lerobot/teleop_ws/src/leader_arm_viz/install/leader_arm_viz/lib/leader_arm_viz
[0.813s] Installing leader_joint_publisher script to /home/tactilemanipulationlab/lerobot/teleop_ws/src/leader_arm_viz/install/leader_arm_viz/lib/leader_arm_viz
[0.813s] 
[0.813s] Installed /home/tactilemanipulationlab/lerobot/teleop_ws/src/leader_arm_viz/build/leader_arm_viz
[0.814s] running symlink_data
[0.814s] creating /home/tactilemanipulationlab/lerobot/teleop_ws/src/leader_arm_viz/install/leader_arm_viz/share/ament_index/resource_index/packages
[0.814s] symbolically linking /home/tactilemanipulationlab/lerobot/teleop_ws/src/leader_arm_viz/build/leader_arm_viz/resource/leader_arm_viz -> /home/tactilemanipulationlab/lerobot/teleop_ws/src/leader_arm_viz/install/leader_arm_viz/share/ament_index/resource_index/packages
[0.814s] symbolically linking /home/tactilemanipulationlab/lerobot/teleop_ws/src/leader_arm_viz/build/leader_arm_viz/package.xml -> /home/tactilemanipulationlab/lerobot/teleop_ws/src/leader_arm_viz/install/leader_arm_viz/share/leader_arm_viz
[0.814s] creating /home/tactilemanipulationlab/lerobot/teleop_ws/src/leader_arm_viz/install/leader_arm_viz/share/leader_arm_viz/launch
[0.814s] symbolically linking /home/tactilemanipulationlab/lerobot/teleop_ws/src/leader_arm_viz/build/leader_arm_viz/launch/leader_arm_rviz.launch.py -> /home/tactilemanipulationlab/lerobot/teleop_ws/src/leader_arm_viz/install/leader_arm_viz/share/leader_arm_viz/launch
[0.814s] creating /home/tactilemanipulationlab/lerobot/teleop_ws/src/leader_arm_viz/install/leader_arm_viz/share/leader_arm_viz/urdf
[0.815s] symbolically linking /home/tactilemanipulationlab/lerobot/teleop_ws/src/leader_arm_viz/build/leader_arm_viz/urdf/fr3.urdf -> /home/tactilemanipulationlab/lerobot/teleop_ws/src/leader_arm_viz/install/leader_arm_viz/share/leader_arm_viz/urdf
[0.815s] symbolically linking /home/tactilemanipulationlab/lerobot/teleop_ws/src/leader_arm_viz/build/leader_arm_viz/urdf/cello_description.urdf -> /home/tactilemanipulationlab/lerobot/teleop_ws/src/leader_arm_viz/install/leader_arm_viz/share/leader_arm_viz/urdf
[0.815s] creating /home/tactilemanipulationlab/lerobot/teleop_ws/src/leader_arm_viz/install/leader_arm_viz/share/leader_arm_viz/meshes
[0.815s] symbolically linking /home/tactilemanipulationlab/lerobot/teleop_ws/src/leader_arm_viz/build/leader_arm_viz/meshes/link4.STL -> /home/tactilemanipulationlab/lerobot/teleop_ws/src/leader_arm_viz/install/leader_arm_viz/share/leader_arm_viz/meshes
[0.815s] symbolically linking /home/tactilemanipulationlab/lerobot/teleop_ws/src/leader_arm_viz/build/leader_arm_viz/meshes/link3.STL -> /home/tactilemanipulationlab/lerobot/teleop_ws/src/leader_arm_viz/install/leader_arm_viz/share/leader_arm_viz/meshes
[0.815s] symbolically linking /home/tactilemanipulationlab/lerobot/teleop_ws/src/leader_arm_viz/build/leader_arm_viz/meshes/link7_right.STL -> /home/tactilemanipulationlab/lerobot/teleop_ws/src/leader_arm_viz/install/leader_arm_viz/share/leader_arm_viz/meshes
[0.815s] symbolically linking /home/tactilemanipulationlab/lerobot/teleop_ws/src/leader_arm_viz/build/leader_arm_viz/meshes/base_link.STL -> /home/tactilemanipulationlab/lerobot/teleop_ws/src/leader_arm_viz/install/leader_arm_viz/share/leader_arm_viz/meshes
[0.815s] symbolically linking /home/tactilemanipulationlab/lerobot/teleop_ws/src/leader_arm_viz/build/leader_arm_viz/meshes/link7_left.STL -> /home/tactilemanipulationlab/lerobot/teleop_ws/src/leader_arm_viz/install/leader_arm_viz/share/leader_arm_viz/meshes
[0.815s] symbolically linking /home/tactilemanipulationlab/lerobot/teleop_ws/src/leader_arm_viz/build/leader_arm_viz/meshes/link2.STL -> /home/tactilemanipulationlab/lerobot/teleop_ws/src/leader_arm_viz/install/leader_arm_viz/share/leader_arm_viz/meshes
[0.815s] symbolically linking /home/tactilemanipulationlab/lerobot/teleop_ws/src/leader_arm_viz/build/leader_arm_viz/meshes/link1.STL -> /home/tactilemanipulationlab/lerobot/teleop_ws/src/leader_arm_viz/install/leader_arm_viz/share/leader_arm_viz/meshes
[0.815s] symbolically linking /home/tactilemanipulationlab/lerobot/teleop_ws/src/leader_arm_viz/build/leader_arm_viz/meshes/link6.STL -> /home/tactilemanipulationlab/lerobot/teleop_ws/src/leader_arm_viz/install/leader_arm_viz/share/leader_arm_viz/meshes
[0.816s] symbolically linking /home/tactilemanipulationlab/lerobot/teleop_ws/src/leader_arm_viz/build/leader_arm_viz/meshes/link5.STL -> /home/tactilemanipulationlab/lerobot/teleop_ws/src/leader_arm_viz/install/leader_arm_viz/share/leader_arm_viz/meshes
[0.816s] creating /home/tactilemanipulationlab/lerobot/teleop_ws/src/leader_arm_viz/install/leader_arm_viz/share/leader_arm_viz/rviz
[0.816s] symbolically linking /home/tactilemanipulationlab/lerobot/teleop_ws/src/leader_arm_viz/build/leader_arm_viz/rviz/view.rviz -> /home/tactilemanipulationlab/lerobot/teleop_ws/src/leader_arm_viz/install/leader_arm_viz/share/leader_arm_viz/rviz
[0.837s] Invoked command in '/home/tactilemanipulationlab/lerobot/teleop_ws/src/leader_arm_viz/build/leader_arm_viz' returned '0': PYTHONPATH=/home/tactilemanipulationlab/lerobot/teleop_ws/src/leader_arm_viz/build/leader_arm_viz/prefix_override:/usr/lib/python3/dist-packages/colcon_core/task/python/colcon_distutils_commands:/home/tactilemanipulationlab/lerobot/teleop_ws/src/leader_arm_viz/install/leader_arm_viz/lib/python3.10/site-packages:${PYTHONPATH} /usr/bin/python3 -W ignore:setup.py install is deprecated -W ignore:easy_install command is deprecated setup.py develop --editable --build-directory /home/tactilemanipulationlab/lerobot/teleop_ws/src/leader_arm_viz/build/leader_arm_viz/build --no-deps symlink_data
